{
  "stats": {
    "suites": 1,
    "tests": 4,
    "passes": 4,
    "pending": 0,
    "failures": 0,
    "start": "2023-04-02T21:10:07.819Z",
    "end": "2023-04-02T21:10:16.008Z",
    "duration": 8189,
    "testsRegistered": 4,
    "passPercent": 100,
    "pendingPercent": 0,
    "other": 0,
    "hasOther": false,
    "skipped": 0,
    "hasSkipped": false
  },
  "results": [
    {
      "uuid": "9b647805-71b6-4cc2-83b2-c432649d1182",
      "title": "",
      "fullFile": "cypress\\e2e\\alurapic\\alurapic.cy.js",
      "file": "cypress\\e2e\\alurapic\\alurapic.cy.js",
      "beforeHooks": [],
      "afterHooks": [],
      "tests": [],
      "suites": [
        {
          "uuid": "5d4642c4-13ad-43a8-827f-3bdf994152db",
          "title": "Login e registro de usuário alurapic",
          "fullFile": "",
          "file": "",
          "beforeHooks": [],
          "afterHooks": [],
          "tests": [
            {
              "title": "Verificar mensagens de validação",
              "fullTitle": "Login e registro de usuário alurapic Verificar mensagens de validação",
              "timedOut": null,
              "duration": 2378,
              "state": "passed",
              "speed": "fast",
              "pass": true,
              "fail": false,
              "pending": false,
              "context": null,
              "code": "cy.contains('a', 'Register now').click();\ncy.contains('button', 'Register').click();\ncy.contains('ap-vmessage', 'Email is required!').should('be.visible');\ncy.contains('button', 'Register').click();\ncy.contains('ap-vmessage', 'Full name is required!').should('be.visible');\ncy.contains('ap-vmessage', 'User name is required!').should('be.visible');\ncy.contains('ap-vmessage', 'Password is required!').should('be.visible');",
              "err": {},
              "uuid": "e95f0ec1-67d6-4a65-8cbe-3d1635d94aae",
              "parentUUID": "5d4642c4-13ad-43a8-827f-3bdf994152db",
              "isHook": false,
              "skipped": false
            },
            {
              "title": "Verificar mensagem de email inválido",
              "fullTitle": "Login e registro de usuário alurapic Verificar mensagem de email inválido",
              "timedOut": null,
              "duration": 1116,
              "state": "passed",
              "speed": "fast",
              "pass": true,
              "fail": false,
              "pending": false,
              "context": null,
              "code": "cy.contains('a', 'Register now').click();\ncy.contains('button', 'Register').click();\ncy.get('input[formcontrolname=\"email\"]').type('Test');\ncy.contains('ap-vmessage', 'Invalid e-mail').should('be.visible');",
              "err": {},
              "uuid": "47fd1d67-f4a1-4134-9426-f5147767d107",
              "parentUUID": "5d4642c4-13ad-43a8-827f-3bdf994152db",
              "isHook": false,
              "skipped": false
            },
            {
              "title": "Verificar mensagem de senha com menos de 8 caracteres",
              "fullTitle": "Login e registro de usuário alurapic Verificar mensagem de senha com menos de 8 caracteres",
              "timedOut": null,
              "duration": 1170,
              "state": "passed",
              "speed": "fast",
              "pass": true,
              "fail": false,
              "pending": false,
              "context": null,
              "code": "cy.contains('a', 'Register now').click();\ncy.contains('button', 'Register').click();\ncy.get('input[formcontrolname=\"password\"]').type('123');\ncy.contains('button', 'Register').click();\ncy.contains('ap-vmessage', 'Mininum length is 8').should('be.visible');",
              "err": {},
              "uuid": "3cbfac3c-c973-46b7-9914-c43af39dda97",
              "parentUUID": "5d4642c4-13ad-43a8-827f-3bdf994152db",
              "isHook": false,
              "skipped": false
            },
            {
              "title": "Verificar mensagem de nome de usíario maiúsculo",
              "fullTitle": "Login e registro de usuário alurapic Verificar mensagem de nome de usíario maiúsculo",
              "timedOut": null,
              "duration": 1231,
              "state": "passed",
              "speed": "fast",
              "pass": true,
              "fail": false,
              "pending": false,
              "context": null,
              "code": "cy.contains('a', 'Register now').click();\ncy.contains('button', 'Register').click();\ncy.get('input[formcontrolname=\"userName\"]').type('TEST');\ncy.contains('button', 'Register').click();\ncy.contains('ap-vmessage', 'Must be lower case').should('be.visible');",
              "err": {},
              "uuid": "df6e6ac6-49fb-43fa-87f1-62d4c6d9ae07",
              "parentUUID": "5d4642c4-13ad-43a8-827f-3bdf994152db",
              "isHook": false,
              "skipped": false
            }
          ],
          "suites": [],
          "passes": [
            "e95f0ec1-67d6-4a65-8cbe-3d1635d94aae",
            "47fd1d67-f4a1-4134-9426-f5147767d107",
            "3cbfac3c-c973-46b7-9914-c43af39dda97",
            "df6e6ac6-49fb-43fa-87f1-62d4c6d9ae07"
          ],
          "failures": [],
          "pending": [],
          "skipped": [],
          "duration": 5895,
          "root": false,
          "rootEmpty": false,
          "_timeout": 2000
        }
      ],
      "passes": [],
      "failures": [],
      "pending": [],
      "skipped": [],
      "duration": 0,
      "root": true,
      "rootEmpty": true,
      "_timeout": 2000
    }
  ],
  "meta": {
    "mocha": {
      "version": "7.0.1"
    },
    "mochawesome": {
      "options": {
        "quiet": false,
        "reportFilename": "mochawesome",
        "saveHtml": true,
        "saveJson": true,
        "consoleReporter": "spec",
        "useInlineDiffs": false,
        "code": true
      },
      "version": "7.1.3"
    },
    "marge": {
      "options": null,
      "version": "6.2.0"
    }
  }
}